✅ pass: sym
✅ pass: num
✅ pass: csv
✅ pass: data
y	mid	{'Lbs-': 2970.42, 'Acc+': 15.57, 'Mpg+\n': 23.84}
	div	{'Lbs-': 846.84, 'Acc+': 2.76, 'Mpg+\n': 8.34}
x	mid	{'Clndrs': 5.45, 'Volume': 193.43, 'Model': 76.01, 'origin': 1.0}
	div	{'Clndrs': 1.7, 'Volume': 104.27, 'Model': 3.7, 'origin': 1.33}
✅ pass: stats
✅ pass: clone
0 0 [8, 304.0, 193, 4732, 18.5, 70, 1, 10]
49 0.0 [8, 302, 140, 4638, 16, 74, 1, 10]
99 0.0 [6, 250, 110, 3520, 16.4, 77, 1, 20]
149 0.0 [6, 232, 90, 3265, 18.2, 79, 1, 20]
199 0.0 [4, 91, 70, 1955, 20.5, 71, 1, 30]
249 0.5 [6, 163, 133, 3410, 15.8, 78, 2, 20]
299 0.5 [4, 97, 46, 1950, 21, 73, 2, 30]
349 0.5 [4, 91, 67, 1965, 15.7, 82, 3, 30]
✅ pass: around
200 198 398
[4, 90, 71, 2223, 16.5, 75, 2, 30] 0.5
[4, 120, 97, 2506, 14.5, 72, 3, 20]
[8, 400, 167, 4906, 12.5, 73, 1, 10]
✅ pass: half
398 {'Lbs-': 2970.4, 'Acc+': 15.6, 'Mpg+\n': 23.8}
| 200 
| | 101 
| | | 51 
| | | | 26 {'Lbs-': 4502.5, 'Acc+': 12.9, 'Mpg+\n': 10.0}
| | | | 25 {'Lbs-': 4109.8, 'Acc+': 12.5, 'Mpg+\n': 10.0}
| | | 50 
| | | | 26 {'Lbs-': 3867.4, 'Acc+': 13.6, 'Mpg+\n': 19.2}
| | | | 24 {'Lbs-': 3932.1, 'Acc+': 14.7, 'Mpg+\n': 20.0}
| | 99 
| | | 50 
| | | | 26 {'Lbs-': 3308.1, 'Acc+': 14.9, 'Mpg+\n': 20.0}
| | | | 24 {'Lbs-': 3246.2, 'Acc+': 16.3, 'Mpg+\n': 20.0}
| | | 49 
| | | | 25 {'Lbs-': 2978.6, 'Acc+': 16.5, 'Mpg+\n': 20.0}
| | | | 24 {'Lbs-': 2764.1, 'Acc+': 15.8, 'Mpg+\n': 20.0}
| 198 
| | 100 
| | | 51 
| | | | 26 {'Lbs-': 2721.0, 'Acc+': 16.0, 'Mpg+\n': 20.0}
| | | | 25 {'Lbs-': 2460.6, 'Acc+': 17.0, 'Mpg+\n': 28.8}
| | | 49 
| | | | 25 {'Lbs-': 2488.7, 'Acc+': 16.4, 'Mpg+\n': 30.0}
| | | | 24 {'Lbs-': 2358.8, 'Acc+': 16.1, 'Mpg+\n': 30.0}
| | 98 
| | | 50 
| | | | 26 {'Lbs-': 2244.0, 'Acc+': 16.8, 'Mpg+\n': 30.0}
| | | | 24 {'Lbs-': 2178.3, 'Acc+': 16.1, 'Mpg+\n': 30.0}
| | | 48 
| | | | 25 {'Lbs-': 2123.0, 'Acc+': 15.9, 'Mpg+\n': 35.2}
| | | | 23 {'Lbs-': 2086.3, 'Acc+': 17.8, 'Mpg+\n': 40.4}
✅ pass: cluster
398 {'Lbs-': 2970.4, 'Acc+': 15.6, 'Mpg+\n': 23.8}
| 198 
| | 100 
| | | 51 
| | | | 25 {'Lbs-': 2460.6, 'Acc+': 17.0, 'Mpg+\n': 28.8}
✅ pass: optimize
{'dump': False, 'file': '../../etc/data/auto93.csv', 'far': 0.95, 'go': 'all', 'help': False, 'min': 0.5, 'p': 2, 'seed': 937162211, 'Sample': 512, 'Far': 0.95}
✅ pass: the