✅ pass: sym
✅ pass: num
{'dump': False, 'go': 'all', 'help': False, 'seed': 937162211, 'file': '../../etc/data/repgrid1.csv', 'p': 2}
✅ pass: the
b4 {'a': 1, 'b': {'c': 2, 'd': [3]}} 
after {'a': 1, 'b': {'c': 2, 'd': [1000]}}
✅ pass: copy
{'a': 'NUM', 'at': 0, 'hi': 5, 'id': 2716241772448, 'lo': 1, 'm2': 27.6, 'mu': 2.8, 'n': 10, 'txt': 'DevelopmentTool:Application', 'w': 1}
{'a': 'NUM', 'at': 1, 'hi': 5, 'id': 2716241772352, 'lo': 1, 'm2': 33.6, 'mu': 3.2, 'n': 10, 'txt': 'Multimedia:Programming', 'w': 1}
{'a': 'NUM', 'at': 2, 'hi': 5, 'id': 2716241772256, 'lo': 1, 'm2': 18.4, 'mu': 2.4, 'n': 10, 'txt': 'CommunicationTechnology:ApplicationTechnology', 'w': 1}
{'a': 'NUM', 'at': 3, 'hi': 5, 'id': 2716241772208, 'lo': 1, 'm2': 13.599999999999998, 'mu': 2.2000000000000006, 'n': 10, 'txt': 'HumanOrientedTool:SystemTool', 'w': 1}
{'a': 'NUM', 'at': 4, 'hi': 5, 'id': 2716241772304, 'lo': 1, 'm2': 23.6, 'mu': 3.2, 'n': 10, 'txt': 'ConventionalCommunication:NovelCommunication', 'w': 1}
{'a': 'NUM', 'at': 5, 'hi': 5, 'id': 2716241772112, 'lo': 1, 'm2': 20.9, 'mu': 1.9, 'n': 10, 'txt': 'OnlyActAsProgrammed:Semi-autonomous', 'w': -1}
{'a': 'NUM', 'at': 6, 'hi': 5, 'id': 2716241772160, 'lo': 1, 'm2': 25.6, 'mu': 1.8, 'n': 10, 'txt': 'ConventionalSystem:IntelligentSystem', 'w': 1}
{'a': 'NUM', 'at': 7, 'hi': 5, 'id': 2716241771968, 'lo': 1, 'm2': 30.4, 'mu': 2.5999999999999996, 'n': 10, 'txt': 'TargetedOnInterface:TargetedOnOverallSystem', 'w': 1}
{'a': 'SYM', 'at': 8, 'has': defaultdict(<class 'int'>, {}), 'id': 2716241772496, 'mode': None, 'most': 0, 'n': 0, 'txt': 'thingX'}
{'a': 'ROW', 'cells': [5, 2, 1, 2, 1, 1, 1, 1, 'ElectronicPublishing'], 'id': 2716241772016, 'x': None, 'y': None}      
{'a': 'ROW', 'cells': [3, 1, 3, 1, 5, 4, 1, 1, 'VirtualReality'], 'id': 2716236889920, 'x': None, 'y': None}
{'a': 'ROW', 'cells': [3, 1, 1, 1, 3, 1, 1, 1, 'MultimediaAndHypermedia'], 'id': 2716241969216, 'x': None, 'y': None}   
{'a': 'ROW', 'cells': [1, 5, 3, 1, 4, 1, 1, 1, 'VisualProgramming'], 'id': 2716241969312, 'x': None, 'y': None}
{'a': 'ROW', 'cells': [1, 5, 2, 3, 1, 1, 1, 1, 'CrossPlatformGUIs'], 'id': 2716241969408, 'x': None, 'y': None}
{'a': 'ROW', 'cells': [1, 5, 5, 5, 1, 1, 1, 5, 'ObjectOrientedSystems'], 'id': 2716241969504, 'x': None, 'y': None}     
{'a': 'ROW', 'cells': [1, 5, 4, 3, 4, 1, 5, 5, 'KnowledgeBasedSystems'], 'id': 2716241969600, 'x': None, 'y': None}     
{'a': 'ROW', 'cells': [3, 5, 3, 2, 5, 5, 5, 5, 'IntelligentAgents'], 'id': 2716241969696, 'x': None, 'y': None}
{'a': 'ROW', 'cells': [5, 1, 1, 2, 4, 3, 1, 3, 'InformationHighway'], 'id': 2716241969792, 'x': None, 'y': None}        
{'a': 'ROW', 'cells': [5, 2, 1, 2, 4, 1, 1, 3, 'BroadbandNetworks'], 'id': 2716241969888, 'x': None, 'y': None}
✅ pass: reprows
{'a': 'NUM', 'at': 0, 'hi': 5, 'id': 2716241772304, 'lo': 1, 'm2': 13.5, 'mu': 1.75, 'n': 8, 'txt': 'Num0', 'w': 1}     
{'a': 'NUM', 'at': 1, 'hi': 5, 'id': 2716241772112, 'lo': 1, 'm2': 17.875, 'mu': 2.375, 'n': 8, 'txt': 'Num1', 'w': 1}  
{'a': 'NUM', 'at': 2, 'hi': 3, 'id': 2716241772160, 'lo': 1, 'm2': 6.000000000000001, 'mu': 1.5, 'n': 8, 'txt': 'Num2', 'w': 1}
{'a': 'NUM', 'at': 3, 'hi': 5, 'id': 2716241771968, 'lo': 1, 'm2': 18.875, 'mu': 2.125, 'n': 8, 'txt': 'Num3', 'w': 1}  
{'a': 'NUM', 'at': 4, 'hi': 5, 'id': 2716241772016, 'lo': 1, 'm2': 14.874999999999998, 'mu': 1.8749999999999998, 'n': 8, 'txt': 'Num4', 'w': 1}
{'a': 'NUM', 'at': 5, 'hi': 5, 'id': 2716241772400, 'lo': 1, 'm2': 32.0, 'mu': 3.0, 'n': 8, 'txt': 'Num5', 'w': 1}      
{'a': 'NUM', 'at': 6, 'hi': 5, 'id': 2716236889920, 'lo': 1, 'm2': 20.000000000000004, 'mu': 3.5, 'n': 8, 'txt': 'Num6', 'w': 1}
{'a': 'NUM', 'at': 7, 'hi': 5, 'id': 2716236889968, 'lo': 2, 'm2': 10.874999999999998, 'mu': 4.125, 'n': 8, 'txt': 'Num7', 'w': 1}
{'a': 'NUM', 'at': 8, 'hi': 5, 'id': 2716241504928, 'lo': 1, 'm2': 16.0, 'mu': 2.5, 'n': 8, 'txt': 'Num8', 'w': 1}      
{'a': 'NUM', 'at': 9, 'hi': 5, 'id': 2716241505888, 'lo': 1, 'm2': 15.875, 'mu': 2.375, 'n': 8, 'txt': 'Num9', 'w': 1}  
{'a': 'SYM', 'at': 10, 'has': defaultdict(<class 'int'>, {}), 'id': 2716241502000, 'mode': None, 'most': 0, 'n': 0, 'txt': 'thingX'}
{'a': 'ROW', 'cells': [5, 3, 3, 1, 1, 1, 1, 3, 5, 5, 'DevelopmentTool:Application'], 'id': 2716241772208, 'x': None, 'y': None}
{'a': 'ROW', 'cells': [2, 1, 1, 5, 5, 5, 5, 5, 1, 2, 'Multimedia:Programming'], 'id': 2716241969888, 'x': None, 'y': None}
{'a': 'ROW', 'cells': [1, 3, 1, 3, 2, 5, 4, 3, 1, 1, 'CommunicationTechnology:ApplicationTechnology'], 'id': 2716241969216, 'x': None, 'y': None}
{'a': 'ROW', 'cells': [2, 1, 1, 1, 3, 5, 3, 2, 2, 2, 'HumanOrientedTool:SystemTool'], 'id': 2716241969312, 'x': None, 'y': None}
{'a': 'ROW', 'cells': [1, 5, 3, 4, 1, 1, 4, 5, 4, 4, 'ConventionalCommunication:NovelCommunication'], 'id': 2716241969408, 'x': None, 'y': None}
{'a': 'ROW', 'cells': [1, 4, 1, 1, 1, 1, 1, 5, 3, 1, 'OnlyActAsProgrammed:Semi-autonomous'], 'id': 2716241969504, 'x': None, 'y': None}
{'a': 'ROW', 'cells': [1, 1, 1, 1, 1, 1, 5, 5, 1, 1, 'ConventionalSystem:IntelligentSystem'], 'id': 2716241969600, 'x': None, 'y': None}
{'a': 'ROW', 'cells': [1, 1, 1, 1, 1, 5, 5, 5, 3, 3, 'TargetedOnInterface:TargetedOnOverallSystem'], 'id': 2716241969696, 'x': None, 'y': None}
✅ pass: repcols
73
|.. 61
|.. |.. 54
|.. |.. |.. ConventionalCommunication:NovelCommunication
|.. |.. |.. DevelopmentTool:Application
|.. |.. 42
|.. |.. |.. ConventionalSystem:IntelligentSystem
|.. |.. |.. OnlyActAsProgrammed:Semi-autonomous
|.. 50
|.. |.. 30
|.. |.. |.. HumanOrientedTool:SystemTool
|.. |.. |.. CommunicationTechnology:ApplicationTechnology
|.. |.. 48
|.. |.. |.. Multimedia:Programming
|.. |.. |.. TargetedOnInterface:TargetedOnOverallSystem
✅ pass: synonyms
64
|.. 55
|.. |.. 33
|.. |.. |.. VisualProgramming
|.. |.. |.. CrossPlatformGUIs
|.. |.. 52
|.. |.. |.. ElectronicPublishing
|.. |.. |.. 36
|.. |.. |.. |.. VirtualReality
|.. |.. |.. |.. MultimediaAndHypermedia
|.. 71
|.. |.. 61
|.. |.. |.. IntelligentAgents
|.. |.. |.. InformationHighway
|.. |.. 70
|.. |.. |.. ObjectOrientedSystems
|.. |.. |.. 65
|.. |.. |.. |.. BroadbandNetworks
|.. |.. |.. |.. KnowledgeBasedSystems
✅ pass: prototype

A ElectronicPublishing
B VirtualReality
C MultimediaAndHypermedia
D VisualProgramming
E CrossPlatformGUIs
F ObjectOrientedSystems
G KnowledgeBasedSystems
H IntelligentAgents
I InformationHighway
J BroadbandNetworks

{E             H      }
{                     }
{                     }
{                     }
{                     }
{   D                 }
{         G           }
{                     }
{   F                 }
{ AC  J               }
✅ pass: position
77
|.. 59
|.. |.. 42
|.. |.. |.. KnowledgeBasedSystems
|.. |.. |.. IntelligentAgents
|.. |.. 47
|.. |.. |.. VisualProgramming
|.. |.. |.. 47
|.. |.. |.. |.. ObjectOrientedSystems
|.. |.. |.. |.. CrossPlatformGUIs
|.. 52
|.. |.. 31
|.. |.. |.. ElectronicPublishing
|.. |.. |.. BroadbandNetworks
|.. |.. 36
|.. |.. |.. VirtualReality
|.. |.. |.. 33
|.. |.. |.. |.. MultimediaAndHypermedia
|.. |.. |.. |.. InformationHighway
88
|.. 55
|.. |.. 41
|.. |.. |.. Multimedia:Programming
|.. |.. |.. CommunicationTechnology:ApplicationTechnology
|.. |.. 38
|.. |.. |.. ConventionalSystem:IntelligentSystem
|.. |.. |.. TargetedOnInterface:TargetedOnOverallSystem
|.. 67
|.. |.. 54
|.. |.. |.. DevelopmentTool:Application
|.. |.. |.. ConventionalCommunication:NovelCommunication
|.. |.. 57
|.. |.. |.. HumanOrientedTool:SystemTool
|.. |.. |.. OnlyActAsProgrammed:Semi-autonomous

A ElectronicPublishing
B VirtualReality
C MultimediaAndHypermedia
D VisualProgramming
E CrossPlatformGUIs
F ObjectOrientedSystems
G KnowledgeBasedSystems
H IntelligentAgents
I InformationHighway
J BroadbandNetworks

{G              A     }
{                     }
{                     }
{                     }
{                     }
{           J C       }
{            I        }
{       D E           }
{ H  F                }
✅ pass: every