{'dump': False, 'file': '../../etc/data/auto93.csv', 'far': 0.95, 'go': 'all', 'help': False, 'min': 0.5, 'p': 2, 'seed': 937162211, 'Sample': 512, 'bins': 16, 'cliffs': 0.147, 'Halves': 512, 'Max': 512, 'rest': 4, 'Reuse': True, 'Far': 0.95}
✅ pass: the
✅ pass: rand
[1.0, 2.0, 3.0, 4.0, 5.0, 6.0, 7.0, 8.0, 9.0, 10.0, 11.0, 12.0, 13.0, 14.0, 15.0, 16.0, 17.0, 18.0, 19.0, 20.0, 21.0, 22.0, 23.0, 24.0, 25.0, 26.0, 27.0, 28.0, 29.0, 30.0, 31.0, 32.0, 33.0, 34.0, 35.0, 36.0, 37.0, 38.0, 39.0, 41.0, 42.0, 43.0, 44.0, 49.0, 50.0, 51.0, 55.0, 56.0, 58.0, 60.0, 61.0, 64.0, 69.0, 71.0, 72.0, 75.0, 82.0, 87.0, 90.0, 97.0, 98.0, 104.0, 106.0, 109.0, 112.0, 116.0, 118.0, 120.0, 122.0, 124.0, 131.0, 133.0, 138.0, 139.0, 142.0, 144.0, 148.0, 155.0, 156.0, 157.0, 192.0, 208.0, 217.0, 218.0, 220.0, 222.0, 238.0, 241.0, 260.0, 275.0, 298.0, 309.0, 313.0, 329.0, 335.0, 351.0, 353.0, 377.0, 379.0, 393.0, 412.0, 419.0, 420.0, 432.0, 448.0, 453.0, 462.0, 468.0, 470.0, 473.0, 480.0, 492.0, 522.0, 537.0, 558.0, 578.0, 619.0, 631.0, 658.0, 666.0, 676.0, 709.0, 731.0, 760.0, 861.0, 870.0, 885.0, 900.0, 920.0, 923.0, 945.0, 979.0, 980.0, 1015.0, 1037.0, 1049.0, 1104.0, 1116.0, 1182.0, 1207.0, 1266.0, 1310.0, 1348.0, 1383.0, 1439.0, 1473.0, 1561.0, 1592.0, 1604.0, 1607.0, 1611.0, 1637.0, 1716.0, 1979.0, 1989.0, 2041.0, 2159.0, 2177.0, 2303.0, 2304.0, 2343.0, 2421.0, 2497.0, 2538.0, 2837.0, 2875.0, 2878.0, 3018.0, 3057.0, 3099.0, 3148.0, 3356.0, 3365.0, 3377.0, 3634.0, 3783.0, 3846.0, 3956.0, 4014.0, 4149.0, 4269.0, 4308.0, 4322.0, 5064.0, 5325.0, 5414.0, 5502.0, 5569.0, 5634.0, 5685.0, 5885.0, 6213.0, 6423.0, 6430.0, 6542.0, 6863.0, 7788.0, 9090.0, 9113.0, 9134.0, 9182.0, 9602.0, 9671.0]
✅ pass: some
a 1.379 2
✅ pass: sym
1 0.51 -0.14
2 0.02 0.06
✅ pass: num
✅ pass: csv
68.0 455.0 120.0 -98.06201550387597
✅ pass: data
✅ pass: clone
> 1.0 False
> 1.025 False
> 1.051 False
> 1.077 False
> 1.104 False
> 1.131 False
> 1.16 True
✅ pass: cliff
{'lo': 0.0, 'hi': 0.8746495688429434, 'mid': 0.688, 'div': 0.229}
✅ pass: dist
199 199
l {'Lbs-': 1800.0, 'Acc+': 16.4, 'Mpg+': 40.0, 'N': 199}
r {'Lbs-': 3570.0, 'Acc+': 12.8, 'Mpg+': 20.0, 'N': 199}
✅ pass: half
[398] {'Lbs-': 2506.0, 'Acc+': 14.5, 'Mpg+': 20.0, 'N': 398}
|.. [199] 
|.. |.. [99] 
|.. |.. |.. [49] 
|.. |.. |.. |.. [24] {'Lbs-': 2070.0, 'Acc+': 18.6, 'Mpg+': 40.0, 'N': 24}
|.. |.. |.. |.. [25] {'Lbs-': 2124.0, 'Acc+': 13.5, 'Mpg+': 20.0, 'N': 25}
|.. |.. |.. [50] 
|.. |.. |.. |.. [25] {'Lbs-': 1875.0, 'Acc+': 16.4, 'Mpg+': 40.0, 'N': 25}
|.. |.. |.. |.. [25] {'Lbs-': 2635.0, 'Acc+': 18.3, 'Mpg+': 30.0, 'N': 25}
|.. |.. [100] 
|.. |.. |.. [50] 
|.. |.. |.. |.. [25] {'Lbs-': 2464.0, 'Acc+': 15.5, 'Mpg+': 30.0, 'N': 25}
|.. |.. |.. |.. [25] {'Lbs-': 2979.0, 'Acc+': 19.5, 'Mpg+': 20.0, 'N': 25}
|.. |.. |.. [50] 
|.. |.. |.. |.. [25] {'Lbs-': 2670.0, 'Acc+': 16.0, 'Mpg+': 30.0, 'N': 25}
|.. |.. |.. |.. [25] {'Lbs-': 2144.0, 'Acc+': 14.7, 'Mpg+': 40.0, 'N': 25}
|.. [199] 
|.. |.. [99] 
|.. |.. |.. [49] 
|.. |.. |.. |.. [24] {'Lbs-': 4425.0, 'Acc+': 10.0, 'Mpg+': 10.0, 'N': 24}
|.. |.. |.. |.. [25] {'Lbs-': 4294.0, 'Acc+': 16.0, 'Mpg+': 10.0, 'N': 25}
|.. |.. |.. [50] 
|.. |.. |.. |.. [25] {'Lbs-': 3205.0, 'Acc+': 11.2, 'Mpg+': 20.0, 'N': 25}
|.. |.. |.. |.. [25] {'Lbs-': 4257.0, 'Acc+': 15.5, 'Mpg+': 10.0, 'N': 25}
|.. |.. [100] 
|.. |.. |.. [50] 
|.. |.. |.. |.. [25] {'Lbs-': 2542.0, 'Acc+': 17.0, 'Mpg+': 30.0, 'N': 25}
|.. |.. |.. |.. [25] {'Lbs-': 2875.0, 'Acc+': 17.0, 'Mpg+': 20.0, 'N': 25}
|.. |.. |.. [50] 
|.. |.. |.. |.. [25] {'Lbs-': 3039.0, 'Acc+': 15.0, 'Mpg+': 20.0, 'N': 25}
|.. |.. |.. |.. [25] {'Lbs-': 2595.0, 'Acc+': 11.3, 'Mpg+': 30.0, 'N': 25}
✅ pass: tree

all  {'Lbs-': 2506.0, 'Acc+': 14.5, 'Mpg+': 20.0, 'N': 398}
     {'Lbs-': -817, 'Acc+': 1, 'Mpg+': 8, 'N': 398}

best {'Lbs-': 2500.0, 'Acc+': 15.1, 'Mpg+': 40.0, 'N': 12}
     {'Lbs-': -110, 'Acc+': -4, 'Mpg+': -4, 'N': 12}

rest {'Lbs-': 4135.0, 'Acc+': 13.5, 'Mpg+': 20.0, 'N': 48}
     {'Lbs-': 105, 'Acc+': 0, 'Mpg+': 0, 'N': 48}

all ~= best? [(True, 'Lbs-'), (True, 'Acc+'), (True, 'Mpg+\n')]
best ~= rest? [(True, 'Lbs-'), (True, 'Acc+'), (True, 'Mpg+\n')]
✅ pass: sway
all    {best= 12, rest= 48}

Clndrs -inf 4.0 1 defaultdict(<class 'int'>, {'best': 11, 'rest': 27})
Clndrs 4.0 5.0 0 defaultdict(<class 'int'>, {'best': 1, 'rest': 1})
Clndrs 5.0 inf 0 defaultdict(<class 'int'>, {'rest': 20})

Volume -inf 90.0 0 defaultdict(<class 'int'>, {'best': 6, 'rest': 3})
Volume 90.0 112.0 0 defaultdict(<class 'int'>, {'best': 3, 'rest': 13})
Volume 112.0 141.0 0 defaultdict(<class 'int'>, {'best': 3, 'rest': 7})
Volume 141.0 inf 0 defaultdict(<class 'int'>, {'rest': 25})

Model -inf 75.0 0 defaultdict(<class 'int'>, {'rest': 23})
Model 75.0 77.0 0 defaultdict(<class 'int'>, {'best': 5, 'rest': 4})
Model 77.0 78.0 0 defaultdict(<class 'int'>, {'best': 4, 'rest': 3})
Model 78.0 79.0 0 defaultdict(<class 'int'>, {'best': 2, 'rest': 5})
Model 79.0 81.0 0 defaultdict(<class 'int'>, {'best': 1, 'rest': 9})
Model 81.0 inf 0 defaultdict(<class 'int'>, {'rest': 4})

origin 1.0 1.0 0 defaultdict(<class 'int'>, {'rest': 28})
origin 2.0 2.0 1 defaultdict(<class 'int'>, {'best': 12, 'rest': 11})
origin 3.0 3.0 0 defaultdict(<class 'int'>, {'rest': 9})
✅ pass: bins